2014-11-25 10:39:11.206 HelloWorld[1284:201872] DiskCookieStorage changing policy from 2 to 0, cookie file: file:///Users/marklassoff/Library/Developer/CoreSimulator/Devices/C83F5B55-63B1-4C99-BB96-19499B3C4196/data/Containers/Data/Application/F98F5F43-92A0-4B28-899C-424CAE3CC626/Library/Cookies/Cookies.binarycookies
2014-11-25 10:39:11.351 HelloWorld[1284:201872] Multi-tasking -> Device: YES, App: YES
2014-11-25 10:39:11.419 HelloWorld[1284:201872] Unlimited access to network resources
2014-11-25 10:39:11.438 HelloWorld[1284:201872] 

Started backup to iCloud! Please be careful.
Your application might rejected by Apple if you store too much data.
For more information please read "iOS Data Storage Guidelines"
You could find it at the following address https://developer.apple.com/icloud/documentation/data-storage/ .

2014-11-25 10:39:14.227 HelloWorld[1284:201872] Resetting plugins due to page load.
2014-11-25 10:39:16.283 HelloWorld[1284:201872] Finished load of: file:///Users/marklassoff/Library/Developer/CoreSimulator/Devices/C83F5B55-63B1-4C99-BB96-19499B3C4196/data/Containers/Bundle/Application/FE8A5BD7-80B5-4D20-BC6F-470F047ED4AF/HelloWorld.app/www/index.html
2014-11-25 10:42:26.203 HelloWorld[1284:220635] 10:42:26.203 WARNING:   246: Default audio device changed. Restart the simulator to have it use the newly-selected device.
2014-11-25 10:42:26.401 HelloWorld[1284:220640] 10:42:26.401 WARNING:   246: Default audio device changed. Restart the simulator to have it use the newly-selected device.
2014-11-25 10:43:13.049 HelloWorld[1446:222583] DiskCookieStorage changing policy from 2 to 0, cookie file: file:///Users/marklassoff/Library/Developer/CoreSimulator/Devices/C83F5B55-63B1-4C99-BB96-19499B3C4196/data/Containers/Data/Application/ED3FB8CE-19AC-4FD7-8D1F-FCCB02868990/Library/Cookies/Cookies.binarycookies
2014-11-25 10:43:13.388 HelloWorld[1446:222583] Multi-tasking -> Device: YES, App: YES
2014-11-25 10:43:13.394 HelloWorld[1446:222583] Unlimited access to network resources
2014-11-25 10:43:13.420 HelloWorld[1446:222583] 

Started backup to iCloud! Please be careful.
Your application might rejected by Apple if you store too much data.
For more information please read "iOS Data Storage Guidelines"
You could find it at the following address https://developer.apple.com/icloud/documentation/data-storage/ .

2014-11-25 10:43:14.702 HelloWorld[1446:222583] Resetting plugins due to page load.
2014-11-25 10:43:15.435 HelloWorld[1446:222583] Finished load of: file:///Users/marklassoff/Library/Developer/CoreSimulator/Devices/C83F5B55-63B1-4C99-BB96-19499B3C4196/data/Containers/Bundle/Application/F8D16762-3086-4894-A592-F92BA7E0F867/HelloWorld.app/www/index.html
2014-11-25 10:44:27.567 HelloWorld[1647:233739] DiskCookieStorage changing policy from 2 to 0, cookie file: file:///Users/marklassoff/Library/Developer/CoreSimulator/Devices/C83F5B55-63B1-4C99-BB96-19499B3C4196/data/Containers/Data/Application/E307369E-198B-4E63-BA09-11160B7B669D/Library/Cookies/Cookies.binarycookies
2014-11-25 10:44:27.769 HelloWorld[1647:233739] Multi-tasking -> Device: YES, App: YES
2014-11-25 10:44:27.775 HelloWorld[1647:233739] Unlimited access to network resources
2014-11-25 10:44:27.778 HelloWorld[1647:233739] 

Started backup to iCloud! Please be careful.
Your application might rejected by Apple if you store too much data.
For more information please read "iOS Data Storage Guidelines"
You could find it at the following address https://developer.apple.com/icloud/documentation/data-storage/ .

2014-11-25 10:44:28.120 HelloWorld[1647:233739] Resetting plugins due to page load.
2014-11-25 10:44:28.351 HelloWorld[1647:233739] Finished load of: file:///Users/marklassoff/Library/Developer/CoreSimulator/Devices/C83F5B55-63B1-4C99-BB96-19499B3C4196/data/Containers/Bundle/Application/B7106217-5D5C-4609-B63C-0D37FABF7BD7/HelloWorld.app/www/index.html
2014-11-25 10:49:27.902 HelloWorld[2003:261569] DiskCookieStorage changing policy from 2 to 0, cookie file: file:///Users/marklassoff/Library/Developer/CoreSimulator/Devices/C83F5B55-63B1-4C99-BB96-19499B3C4196/data/Containers/Data/Application/EBC5737E-F505-4925-8F80-64C6E4E2883C/Library/Cookies/Cookies.binarycookies
2014-11-25 10:49:27.995 HelloWorld[2003:261569] Multi-tasking -> Device: YES, App: YES
2014-11-25 10:49:28.002 HelloWorld[2003:261569] Unlimited access to network resources
2014-11-25 10:49:28.005 HelloWorld[2003:261569] 

Started backup to iCloud! Please be careful.
Your application might rejected by Apple if you store too much data.
For more information please read "iOS Data Storage Guidelines"
You could find it at the following address https://developer.apple.com/icloud/documentation/data-storage/ .

2014-11-25 10:49:28.249 HelloWorld[2003:261569] Resetting plugins due to page load.
2014-11-25 10:49:28.462 HelloWorld[2003:261569] Finished load of: file:///Users/marklassoff/Library/Developer/CoreSimulator/Devices/C83F5B55-63B1-4C99-BB96-19499B3C4196/data/Containers/Bundle/Application/C55944B7-FB72-4B92-A622-69C0A6EC52D0/HelloWorld.app/www/index.html
2014-11-25 15:14:00.466 HelloWorld[5529:1248186] DiskCookieStorage changing policy from 2 to 0, cookie file: file:///Users/marklassoff/Library/Developer/CoreSimulator/Devices/C83F5B55-63B1-4C99-BB96-19499B3C4196/data/Containers/Data/Application/D298A59F-0579-4782-BAF4-DF699954E6DF/Library/Cookies/Cookies.binarycookies
2014-11-25 15:14:00.594 HelloWorld[5529:1248186] Multi-tasking -> Device: YES, App: YES
2014-11-25 15:14:00.659 HelloWorld[5529:1248186] Unlimited access to network resources
2014-11-25 15:14:00.680 HelloWorld[5529:1248186] 

Started backup to iCloud! Please be careful.
Your application might rejected by Apple if you store too much data.
For more information please read "iOS Data Storage Guidelines"
You could find it at the following address https://developer.apple.com/icloud/documentation/data-storage/ .

2014-11-25 15:14:03.252 HelloWorld[5529:1248186] Resetting plugins due to page load.
2014-11-25 15:14:04.213 HelloWorld[5529:1248186] Finished load of: file:///Users/marklassoff/Library/Developer/CoreSimulator/Devices/C83F5B55-63B1-4C99-BB96-19499B3C4196/data/Containers/Bundle/Application/BB9E681F-83F5-47EF-B492-4800BBB52887/HelloWorld.app/www/index.html
2014-11-25 15:17:41.334 HelloWorld[5779:1277454] DiskCookieStorage changing policy from 2 to 0, cookie file: file:///Users/marklassoff/Library/Developer/CoreSimulator/Devices/C83F5B55-63B1-4C99-BB96-19499B3C4196/data/Containers/Data/Application/31B08A0F-D0C4-45E8-BA40-AF60759BB395/Library/Cookies/Cookies.binarycookies
2014-11-25 15:17:41.434 HelloWorld[5779:1277454] Multi-tasking -> Device: YES, App: YES
2014-11-25 15:17:41.439 HelloWorld[5779:1277454] Unlimited access to network resources
2014-11-25 15:17:41.478 HelloWorld[5779:1277454] 

Started backup to iCloud! Please be careful.
Your application might rejected by Apple if you store too much data.
For more information please read "iOS Data Storage Guidelines"
You could find it at the following address https://developer.apple.com/icloud/documentation/data-storage/ .

2014-11-25 15:17:41.828 HelloWorld[5779:1277454] Resetting plugins due to page load.
2014-11-25 15:17:42.256 HelloWorld[5779:1277454] Finished load of: file:///Users/marklassoff/Library/Developer/CoreSimulator/Devices/C83F5B55-63B1-4C99-BB96-19499B3C4196/data/Containers/Bundle/Application/C78EF01D-FED6-4CD3-BC41-D950D4760EDD/HelloWorld.app/www/index.html
